<?xml version="1.0" encoding="UTF-8"?>
<testsuite name="org.aion.f1.FuzzingTest" tests="2" skipped="0" failures="0" errors="0" timestamp="2019-08-02T13:02:54" hostname="caladan" time="11.341">
  <properties/>
  <testcase name="testVectorSimple" classname="org.aion.f1.FuzzingTest" time="0.037"/>
  <testcase name="testVectorAutogen" classname="org.aion.f1.FuzzingTest" time="11.303"/>
  <system-out><![CDATA[Simple Rewards Stats
---------------------------------
1: 4994007, 2: 10020490, 3: 6164309, 4: 1541076, 5: 6680099, 
Outstanding Coins: 600019
Operator Rewards: 600000

F1 Stats
---------------------------------
1: 4994011, 2: 10020493, 3: 6164312, 4: 1541077, 5: 6680101, 
Outstanding Coins: 6
Operator Rewards: 600000

STD Comparison
---------------------------------
Error (F1): mean = 0.00%, sd = 0.00%
Simple Rewards Stats
---------------------------------
766: 26806832, 765: 1671429, 255: 42363124, 510: 33486065, 511: 30564674, 767: 38802520, 256: 62493834, 254: 23390163, 1: 34396034, 509: 18018674, 764: 4085210, 253: 64441340, 763: 42500631, 512: 24564263, 508: 56659186, 257: 53880459, 2: 13298876, 762: 41444017, 258: 33930346, 3: 12060584, 507: 23203554, 252: 61345354, 768: 33992861, 513: 41452130, 761: 55869987, 4: 77322387, 251: 59727866, 259: 70406356, 769: 72161428, 514: 55928676, 506: 53275742, 5: 29158651, 515: 52976232, 505: 78640989, 250: 35771575, 770: 38260397, 260: 26323454, 760: 36959784, 261: 32620323, 6: 61652976, 771: 43029641, 516: 50237438, 504: 18107244, 759: 8430786, 249: 27840541, 262: 39416207, 503: 86106841, 7: 76766196, 248: 59620946, 517: 27564484, 772: 35107747, 758: 33587203, 263: 33547104, 773: 21064545, 502: 39917696, 757: 24689605, 8: 44936684, 518: 16047512, 247: 19686735, 9: 36391588, 756: 15483059, 501: 41970668, 264: 71117250, 246: 70578845, 519: 35984950, 774: 24946267, 755: 58496373, 245: 8515462, 500: 52663198, 775: 29311710, 10: 30905228, 520: 5420492, 265: 18031302, 244: 33663450, 499: 55570042, 776: 28116516, 521: 37909061, 11: 23986179, 266: 33629088, 754: 26495464, 753: 23378622, 243: 63096046, 267: 65396621, 498: 21713192, 777: 36740940, 12: 61293274, 522: 24209381, 752: 61618082, 13: 9720811, 268: 55548651, 778: 50155022, 523: 34153802, 497: 16401717, 242: 18124866, 496: 53339909, 751: 37570571, 14: 28546986, 241: 55908288, 524: 48841206, 779: 17858759, 269: 50916574, 270: 53612472, 15: 63765308, 495: 45459000, 750: 56559102, 240: 23564512, 780: 27582058, 525: 7039475, 16: 61984399, 781: 39256350, 239: 36111566, 749: 38906299, 494: 58175971, 526: 13217697, 271: 14843340, 527: 52215587, 238: 65285002, 17: 12599045, 272: 50562703, 748: 38574526, 493: 10826816, 782: 40215686, 528: 79372778, 783: 30137515, 237: 31393030, 747: 58945208, 492: 20507687, 18: 26343757, 273: 17971392, 274: 60943389, 19: 21494125, 236: 73381395, 491: 38897456, 529: 39075794, 784: 45719112, 746: 56515176, 1000: 16102397, 490: 9667712, 235: 43262695, 20: 14335052, 275: 19173909, 530: 16218439, 785: 27743032, 745: 54878185, 786: 29151315, 744: 50485942, 489: 13988557, 234: 27664504, 276: 22989220, 531: 18961373, 999: 31998278, 21: 49576594, 233: 59715666, 532: 23010839, 22: 60446049, 998: 73667119, 787: 2862852, 488: 30327589, 743: 39468652, 277: 16688222, 232: 46800768, 533: 36057298, 788: 42915115, 278: 33322106, 23: 59219625, 742: 29394750, 487: 62527776, 997: 12279363, 534: 19064696, 231: 11358266, 741: 21480305, 996: 32925400, 279: 14258205, 486: 44210823, 789: 21857863, 24: 30547873, 230: 20316467, 740: 21354759, 790: 42890489, 280: 60474378, 25: 19960542, 535: 26517973, 995: 38101451, 485: 13949065, 791: 75245793, 739: 30978203, 281: 36186703, 994: 57041120, 536: 22146211, 229: 26090705, 26: 37035738, 484: 15517381, 282: 59746699, 792: 19265852, 228: 19674181, 537: 32489033, 483: 60981369, 27: 35193790, 993: 39592564, 738: 12806922, 227: 7648044, 482: 47491162, 538: 45574373, 28: 36415969, 283: 21968484, 737: 24356075, 992: 16901453, 793: 51583450, 991: 59363544, 29: 24812298, 539: 41445866, 794: 58851702, 736: 15115019, 481: 57079128, 226: 881324, 284: 35385148, 990: 79274599, 30: 37258384, 285: 30450193, 540: 51653103, 735: 13081735, 795: 28634209, 225: 3883225, 480: 46314555, 989: 80581102, 479: 42176220, 286: 42950605, 796: 50220402, 224: 33984701, 541: 20067883, 734: 28791666, 31: 11978073, 287: 19996266, 542: 58120105, 733: 46201845, 32: 53651991, 223: 46469972, 478: 28167146, 988: 24203876, 797: 3512904, 33: 34063966, 987: 80824134, 288: 70007846, 732: 67872763, 543: 40821288, 477: 58878447, 222: 42635357, 798: 49418492, 289: 16620738, 544: 67715185, 799: 58693684, 34: 59132795, 221: 65549371, 986: 33885584, 476: 32735790, 731: 46077109, 35: 75845902, 800: 29373220, 985: 26117823, 220: 40784577, 545: 18745999, 475: 47237119, 730: 20140869, 290: 6587449, 219: 64663534, 729: 30694811, 546: 31978808, 474: 35390027, 291: 75048884, 801: 39458450, 36: 17387567, 984: 38781832, 218: 83675576, 547: 54438956, 983: 20261140, 37: 18994019, 802: 41994669, 292: 46443172, 473: 15837353, 728: 49999586, 38: 42790664, 293: 39663577, 548: 63566061, 803: 77270531, 217: 37371137, 727: 63209763, 982: 37523746, 472: 46907570, 726: 72129355, 549: 25166583, 804: 64645711, 39: 55399448, 981: 34466771, 471: 10487353, 216: 4938235, 294: 11824655, 295: 35710727, 980: 80186492, 40: 58303319, 470: 61758089, 725: 20627660, 550: 54124561, 805: 26603757, 215: 9172042, 214: 68382635, 296: 24232723, 41: 54676477, 724: 44648033, 551: 4393870, 806: 32486800, 979: 12480103, 469: 22840542, 42: 76067718, 807: 12189418, 468: 47233227, 213: 61310233, 552: 15565207, 978: 33493170, 723: 27802916, 297: 7845826, 43: 63416834, 722: 20894675, 553: 46165944, 212: 55011784, 977: 42435332, 467: 38003282, 808: 18007284, 298: 45906355, 554: 27681420, 976: 16196719, 809: 54105609, 44: 35828780, 299: 59347298, 211: 53261032, 466: 29386929, 721: 20497114, 210: 55977204, 975: 18736693, 555: 35605612, 465: 43529386, 810: 36087152, 720: 13750097, 300: 28738884, 45: 28332700, 46: 41639538, 209: 78687800, 556: 21496308, 301: 22176675, 719: 1931480, 464: 67104202, 811: 37722657, 974: 39069862, 302: 54616673, 718: 8768442, 208: 20645601, 812: 12783981, 463: 67995918, 973: 16147952, 47: 42047205, 557: 33613375, 813: 37895524, 972: 78888313, 558: 16378445, 462: 48727712, 48: 48061192, 207: 55089394, 717: 27394915, 303: 35999582, 814: 60884513, 304: 30548553, 716: 37899621, 49: 20852777, 461: 66858219, 971: 46138698, 206: 22632124, 559: 14037702, 460: 72731429, 560: 15441911, 970: 46829412, 305: 2505552, 715: 13411533, 205: 54892380, 815: 41489197, 50: 9609818, 51: 46157063, 816: 34158881, 969: 48554564, 204: 51829119, 714: 5305206, 561: 36615530, 306: 50201765, 459: 50227568, 203: 58041561, 458: 90243134, 307: 55220706, 713: 29521879, 562: 9504748, 817: 38840408, 968: 3182562, 52: 44268540, 202: 51188308, 53: 67285863, 308: 44746491, 457: 51670999, 712: 7719018, 967: 43707288, 563: 34809635, 818: 31870408, 966: 33683531, 309: 19313108, 711: 66175305, 201: 29341624, 456: 12987240, 819: 56399568, 564: 37959080, 54: 30804181, 820: 68608476, 710: 41622653, 455: 47702805, 55: 66676271, 310: 22854001, 965: 42850135, 565: 11957615, 200: 43185499, 821: 100910785, 964: 24803084, 56: 57584339, 566: 63407059, 311: 59101981, 199: 29184657, 709: 19828029, 454: 19892101, 198: 42692919, 312: 62478936, 822: 32231826, 567: 34467065, 57: 9547329, 453: 49748670, 963: 14101479, 708: 31581848, 568: 49251402, 58: 51800891, 197: 64271237, 962: 39854375, 313: 19802089, 707: 23802587, 452: 41097646, 823: 41231896, 59: 49211008, 569: 10041667, 196: 43177465, 451: 44608456, 961: 56701793, 706: 62734370, 314: 57900573, 824: 6197939, 315: 80313006, 60: 20852315, 195: 63563985, 960: 58773886, 450: 35291671, 705: 58699931, 570: 11729350, 825: 20036076, 316: 47829182, 61: 21030973, 449: 25091662, 959: 10374693, 826: 21456462, 194: 42247498, 704: 44569741, 571: 19782013, 827: 73556656, 62: 34795657, 317: 30803136, 193: 15525793, 448: 44924411, 572: 31703704, 958: 35559979, 703: 17079792, 318: 49363715, 702: 46605715, 447: 28756143, 957: 27395791, 828: 47107466, 573: 39739911, 63: 54023036, 192: 43345234, 64: 60848577, 574: 71401078, 829: 59219193, 446: 63671031, 319: 43599536, 191: 38045315, 956: 59849236, 701: 6822165, 190: 25341803, 575: 38776296, 320: 28019883, 700: 38598422, 65: 6648569, 955: 31976828, 830: 11672680, 445: 37276254, 699: 31664911, 444: 46589529, 189: 37817153, 954: 18932862, 576: 55870258, 66: 35542504, 831: 33778439, 321: 48725791, 443: 70218366, 322: 49635640, 67: 10415233, 698: 22586729, 953: 47557997, 188: 2063508, 577: 41933923, 832: 27239245, 833: 58705746, 578: 59596013, 952: 53777073, 697: 40952044, 68: 43440843, 187: 43097882, 442: 29065924, 323: 38984993, 69: 50399762, 696: 69936309, 441: 38620857, 951: 44145669, 579: 38960469, 186: 31240506, 324: 52524502, 834: 36403517, 440: 35417082, 835: 71228573, 325: 68919067, 580: 22084730, 695: 20405357, 70: 18791742, 185: 36313574, 950: 13160248, 836: 36438182, 949: 33867602, 71: 14443250, 326: 64879462, 694: 42396965, 581: 13108482, 439: 51657330, 184: 23401499, 183: 18515503, 837: 84391586, 693: 43579276, 438: 20095527, 582: 55519266, 72: 19747946, 948: 11671953, 327: 41133161, 328: 49026143, 947: 39982933, 73: 46285906, 437: 53250644, 838: 7686775, 182: 37993382, 583: 3466201, 692: 38805899, 74: 26520792, 436: 40898992, 946: 68006002, 691: 45924399, 584: 31606232, 329: 30290601, 181: 35745778, 839: 33789302, 330: 98821538, 75: 56144207, 585: 15153458, 180: 63036056, 435: 14525991, 945: 35073752, 690: 55360428, 840: 27484007, 76: 87468371, 434: 28622918, 841: 37424758, 331: 42826885, 586: 16827914, 689: 17502493, 944: 61533891, 179: 26606546, 77: 23403945, 433: 33774225, 587: 42920002, 943: 33312671, 178: 4610240, 332: 33432352, 842: 7056744, 688: 29459060, 177: 29897370, 687: 55523645, 942: 50010742, 432: 55149895, 588: 28923927, 78: 23784788, 843: 13718435, 333: 52112437, 176: 26535401, 844: 34032359, 431: 54519556, 79: 8364029, 686: 63357140, 589: 41804300, 941: 28731432, 334: 58582148, 940: 66395182, 80: 64492724, 430: 51196615, 845: 48241817, 590: 55796100, 175: 55438893, 685: 41516441, 335: 28437832, 939: 7433048, 591: 27914601, 684: 37560987, 336: 51490681, 174: 38838116, 429: 46916096, 81: 55980723, 846: 34626660, 592: 33468325, 173: 52317108, 847: 61695539, 938: 33609724, 683: 27914346, 337: 54401125, 82: 60276501, 428: 41850687, 593: 101935460, 427: 54084395, 338: 67388875, 848: 46628061, 682: 48251446, 83: 40617152, 937: 27703815, 172: 47763624, 594: 36801645, 171: 28761827, 936: 36292274, 681: 26476422, 849: 8708491, 84: 46732242, 426: 6804119, 339: 10470921, 595: 41838786, 85: 42265831, 935: 36900563, 425: 20920768, 170: 61098004, 340: 20720494, 850: 39232827, 680: 40676008, 169: 29182395, 86: 62071845, 424: 25721845, 341: 49626977, 934: 62914237, 851: 43424052, 679: 23068617, 596: 45513774, 423: 39626643, 168: 49373180, 933: 38864696, 597: 72724371, 342: 30630804, 852: 52697647, 87: 46283486, 678: 9824192, 88: 56195086, 598: 13717927, 167: 62766584, 932: 26356796, 677: 27497109, 853: 27330585, 343: 37003328, 422: 28871441, 421: 44187042, 931: 49182792, 89: 22567529, 676: 58111363, 166: 57979460, 599: 54998813, 344: 35837614, 854: 47915997, 420: 30788314, 345: 72294145, 165: 31537524, 90: 60138823, 855: 34057358, 675: 54346395, 930: 39074698, 600: 20251337, 91: 26550322, 346: 26315623, 929: 54018641, 674: 51104926, 419: 41747302, 856: 29952240, 601: 12423549, 164: 17772123, 673: 11119394, 418: 28903813, 163: 55675089, 92: 51727072, 602: 44230730, 347: 36478053, 928: 57477730, 857: 5763462, 93: 31627552, 672: 32942397, 417: 37569447, 603: 16337704, 162: 27158549, 858: 25326957, 348: 37877154, 927: 2859368, 671: 88429997, 859: 57320612, 349: 49293269, 926: 14475768, 161: 63303519, 94: 54383732, 416: 43700522, 604: 20125838, 925: 5993420, 160: 60648375, 605: 41055935, 350: 35730594, 415: 68032202, 670: 16325146, 860: 12548475, 95: 36383067, 159: 72957702, 669: 39588737, 924: 50550394, 606: 44739692, 861: 49558699, 96: 62320614, 414: 53412216, 351: 36942832, 413: 57160020, 607: 46407452, 668: 47936573, 352: 8087973, 862: 52647971, 158: 27598623, 923: 2648924, 97: 40474514, 157: 39060911, 608: 7394441, 667: 21635046, 922: 46366217, 863: 54113723, 353: 37194187, 412: 45682582, 98: 18431859, 99: 10759746, 609: 39352069, 354: 7031496, 921: 50657378, 666: 14746652, 864: 17475608, 411: 33017506, 156: 45734958, 610: 79091713, 410: 65723331, 865: 59816837, 100: 57073632, 920: 37278598, 665: 48741760, 155: 53609526, 355: 49915520, 154: 62286300, 866: 14423070, 101: 42516691, 611: 33438440, 664: 34483513, 356: 8577190, 409: 49963724, 919: 53449521, 408: 32111113, 153: 36334797, 102: 59479138, 663: 31082649, 357: 22566748, 612: 21752868, 918: 21274839, 867: 28221033, 152: 70366858, 407: 60395351, 917: 57877946, 868: 33370011, 613: 62218922, 103: 28386293, 358: 22419630, 662: 25834485, 869: 27745227, 406: 45492571, 661: 69704734, 614: 59621801, 916: 40248153, 359: 44643001, 104: 30277154, 151: 64451247, 150: 38079838, 660: 68352751, 915: 28190062, 870: 60142846, 405: 18874705, 105: 9912446, 615: 56080166, 360: 42809086, 616: 82580332, 914: 49699635, 149: 53233889, 404: 38142176, 659: 53842564, 361: 33215232, 871: 11510875, 106: 27857994, 658: 51208664, 403: 30532323, 107: 17429902, 362: 34070260, 617: 35806827, 872: 745670, 913: 12115555, 148: 13380704, 108: 66629779, 618: 43925449, 912: 28338707, 873: 34239220, 402: 10538269, 363: 43299489, 147: 34473082, 657: 40687130, 656: 81178701, 401: 393964, 911: 17440982, 364: 47299573, 874: 36856485, 619: 26589341, 109: 5470846, 146: 1024276, 875: 63018564, 145: 50465131, 400: 14980478, 365: 30428713, 110: 46301951, 655: 62805859, 620: 31788604, 910: 11523756, 621: 45262242, 876: 44664281, 654: 32027662, 366: 48226797, 144: 26055713, 909: 8176957, 399: 62131181, 111: 15951001, 143: 37777519, 622: 32207061, 367: 49440612, 653: 1119321, 877: 7406628, 112: 42972197, 908: 48418252, 398: 50524079, 907: 73557559, 113: 63053652, 142: 70886302, 397: 58101786, 652: 23620490, 623: 20922769, 878: 51642603, 368: 22393346, 396: 69949818, 369: 19160719, 114: 28128238, 879: 25882961, 141: 53905015, 906: 8404547, 651: 47468024, 624: 30195539, 880: 67347818, 115: 66034742, 650: 54751491, 905: 59071328, 625: 75940930, 395: 32647740, 140: 57312832, 370: 55577910, 116: 56979731, 881: 4269687, 371: 6377361, 649: 31909448, 904: 38346580, 394: 57950883, 139: 20258299, 626: 16043868, 627: 47349138, 372: 36470795, 117: 64522733, 648: 52188295, 882: 26943320, 138: 30848148, 903: 38932936, 393: 12860186, 647: 30492354, 373: 47144805, 118: 48585198, 392: 43938112, 883: 22182859, 628: 15836547, 902: 23537992, 137: 44184739, 374: 99983201, 136: 36167752, 884: 68286864, 901: 23866114, 646: 11651644, 629: 41945463, 391: 38453650, 119: 54403737, 630: 39374804, 390: 39973854, 900: 51603026, 375: 55881426, 120: 46584644, 135: 54465642, 645: 29075492, 885: 15694820, 631: 80159804, 376: 23794043, 121: 38016577, 899: 12725576, 134: 52184783, 389: 6220884, 644: 52172584, 886: 35342527, 133: 77155940, 643: 74068938, 632: 68407845, 898: 10147659, 887: 18513069, 388: 63296492, 122: 49289398, 377: 14456106, 633: 91731057, 888: 62031206, 897: 58536844, 387: 61361650, 378: 13421512, 123: 46317495, 132: 9208374, 642: 22769662, 124: 52401139, 896: 24713532, 379: 32914536, 634: 8383704, 131: 63717947, 641: 59421603, 386: 32974627, 889: 2812348, 890: 56658254, 125: 75716025, 385: 42989554, 130: 69611967, 640: 34053120, 635: 49266952, 380: 16701447, 891: 51257095, 636: 46007193, 384: 76056353, 126: 8121731, 381: 23495780, 129: 37120265, 637: 25107690, 892: 38825212, 127: 56224315, 128: 43529215, 382: 56626081, 893: 44600995, 638: 28700810, 383: 22919218, 639: 36334337, 894: 44899748, 895: 36243653, 
Outstanding Coins: 1206615437
Operator Rewards: 1203000000

F1 Stats
---------------------------------
766: 26810776, 765: 1673503, 255: 42367000, 510: 33489937, 511: 30568237, 767: 38806469, 256: 62497737, 254: 23393955, 1: 34399842, 509: 18022501, 764: 4088382, 253: 64445372, 763: 42504592, 512: 24568166, 508: 56663035, 257: 53884235, 2: 13302197, 762: 41447931, 258: 33934198, 3: 12064413, 507: 23207123, 252: 61349036, 768: 33996413, 513: 41455454, 761: 55873996, 4: 77326311, 251: 59731819, 259: 70410236, 769: 72165168, 514: 55932190, 506: 53279023, 5: 29162660, 515: 52980007, 505: 78644803, 250: 35775196, 770: 38264107, 260: 26327351, 760: 36961723, 261: 32624651, 6: 61656874, 771: 43033533, 516: 50241204, 504: 18110988, 759: 8434378, 249: 27843666, 262: 39420059, 503: 86110818, 7: 76770018, 248: 59624526, 517: 27567981, 772: 35111328, 758: 33590624, 263: 33551057, 773: 21068349, 502: 39921512, 757: 24693125, 8: 44940182, 518: 16050763, 247: 19689653, 9: 36395432, 756: 15486620, 501: 41974464, 264: 71121036, 246: 70582575, 519: 35988503, 774: 24949219, 755: 58500270, 245: 8519259, 500: 52666790, 775: 29315007, 10: 30908413, 520: 5423942, 265: 18033810, 244: 33667455, 499: 55573953, 776: 28120278, 521: 37912567, 11: 23989487, 266: 33632037, 754: 26498546, 753: 23382612, 243: 63099952, 267: 65400447, 498: 21716925, 777: 36744686, 12: 61296998, 522: 24213174, 752: 61622061, 13: 9724734, 268: 55552497, 778: 50158638, 523: 34157468, 497: 16405337, 242: 18127836, 496: 53343912, 751: 37574553, 14: 28550799, 241: 55912055, 524: 48844814, 779: 17862307, 269: 50920145, 270: 53616395, 15: 63769250, 495: 45462913, 750: 56562919, 240: 23568245, 780: 27585237, 525: 7042826, 16: 61988285, 781: 39260100, 239: 36115315, 749: 38909778, 494: 58179148, 526: 13220785, 271: 14846213, 527: 52219474, 238: 65288782, 17: 12602669, 272: 50566336, 748: 38577984, 493: 10829937, 782: 40218470, 528: 79376641, 783: 30141344, 237: 31396668, 747: 58948887, 492: 20511304, 18: 26347067, 273: 17974558, 274: 60947456, 19: 21498089, 236: 73385239, 491: 38901418, 529: 39079629, 784: 45722808, 746: 56518711, 1000: 16105787, 490: 9671682, 235: 43266584, 20: 14338693, 275: 19178174, 530: 16222059, 785: 27746535, 745: 54881213, 786: 29155232, 744: 50489931, 489: 13992356, 234: 27668464, 276: 22992796, 531: 18964752, 999: 32001625, 21: 49579600, 233: 59719632, 532: 23015618, 22: 60449736, 998: 73670823, 787: 2866526, 488: 30331130, 743: 39471914, 277: 16690828, 232: 46804658, 533: 36061129, 788: 42918951, 278: 33325940, 23: 59223416, 742: 29398171, 487: 62531137, 997: 12282516, 534: 19068458, 231: 11361178, 741: 21483747, 996: 32928836, 279: 14261559, 486: 44214007, 789: 21860605, 24: 30550566, 230: 20320226, 740: 21358657, 790: 42894339, 280: 60477948, 25: 19964017, 535: 26521265, 995: 38104798, 485: 13952048, 791: 75249798, 739: 30982010, 281: 36190465, 994: 57044776, 536: 22149599, 229: 26093879, 26: 37038523, 484: 15519259, 282: 59750653, 792: 19269824, 228: 19678160, 537: 32492998, 483: 60985184, 27: 35197612, 993: 39596090, 738: 12807654, 227: 7652024, 482: 47495099, 538: 45578126, 28: 36419688, 283: 21972052, 737: 24359688, 992: 16904433, 793: 51586144, 991: 59367463, 29: 24816137, 539: 41449627, 794: 58855486, 736: 15118894, 481: 57082754, 226: 884448, 284: 35388125, 990: 79278716, 30: 37262420, 285: 30454012, 540: 51656888, 735: 13085442, 795: 28637807, 225: 3886080, 480: 46317652, 989: 80585100, 479: 42180204, 286: 42954540, 796: 50224269, 224: 33988574, 541: 20072125, 734: 28795284, 31: 11981648, 287: 20000126, 542: 58123974, 733: 46205741, 32: 53655840, 223: 46473764, 478: 28170617, 988: 24207239, 797: 3515538, 33: 34067830, 987: 80827991, 288: 70011618, 732: 67876499, 543: 40824935, 477: 58882122, 222: 42638791, 798: 49421772, 289: 16624730, 544: 67719099, 799: 58697613, 34: 59136690, 221: 65553199, 986: 33889326, 476: 32738640, 731: 46079695, 35: 75849846, 800: 29377137, 985: 26121720, 220: 40788351, 545: 18748595, 475: 47240427, 730: 20143869, 290: 6590038, 219: 64667543, 729: 30698710, 546: 31982647, 474: 35393842, 291: 75052724, 801: 39462163, 36: 17391371, 984: 38785267, 218: 83679562, 547: 54442819, 983: 20265065, 37: 18997776, 802: 41998504, 292: 46446685, 473: 15840820, 728: 50002895, 38: 42794600, 293: 39667493, 548: 63569893, 803: 77274413, 217: 37374733, 727: 63213318, 982: 37527211, 472: 46910925, 726: 72133288, 549: 25170494, 804: 64649632, 39: 55403195, 981: 34470402, 471: 10490993, 216: 4941694, 294: 11827316, 295: 35714658, 980: 80190423, 40: 58307198, 470: 61761888, 725: 20631254, 550: 54127945, 805: 26607042, 215: 9175267, 214: 68386758, 296: 24236901, 41: 54680434, 724: 44651983, 551: 4397369, 806: 32490170, 979: 12483555, 469: 22843519, 42: 76071677, 807: 12192930, 468: 47237141, 213: 61314111, 552: 15569209, 978: 33496967, 723: 27806564, 297: 7848835, 43: 63420832, 722: 20898637, 553: 46169803, 212: 55015668, 977: 42439173, 467: 38007015, 808: 18010852, 298: 45909718, 554: 27684506, 976: 16200654, 809: 54109587, 44: 35832549, 299: 59351048, 211: 53264719, 466: 29390521, 721: 20500049, 210: 55981129, 975: 18740456, 555: 35609311, 465: 43532941, 810: 36090649, 720: 13753529, 300: 28742027, 45: 28335334, 46: 41643526, 209: 78691770, 556: 21500234, 301: 22180469, 719: 1935663, 464: 67107768, 811: 37726042, 974: 39072984, 302: 54620874, 718: 8772179, 208: 20649136, 812: 12788042, 463: 67999606, 973: 16151488, 47: 42050514, 557: 33616603, 813: 37899580, 972: 78892275, 558: 16382329, 462: 48731532, 48: 48064878, 207: 55092987, 717: 27398423, 303: 36002552, 814: 60888399, 304: 30552446, 716: 37903413, 49: 20856499, 461: 66861840, 971: 46141942, 206: 22635407, 559: 14040976, 460: 72735431, 560: 15445782, 970: 46833432, 305: 2509599, 715: 13414771, 205: 54895557, 815: 41492340, 50: 9612529, 51: 46161040, 816: 34162788, 969: 48558345, 204: 51832913, 714: 5309746, 561: 36618984, 306: 50205276, 459: 50231064, 203: 58045504, 458: 90247079, 307: 55224730, 713: 29525464, 562: 9508467, 817: 38844188, 968: 3186113, 52: 44271774, 202: 51192184, 53: 67289765, 308: 44750327, 457: 51674875, 712: 7721878, 967: 43710919, 563: 34812900, 818: 31873244, 966: 33687556, 309: 19317175, 711: 66179212, 201: 29345508, 456: 12990959, 819: 56403016, 564: 37961975, 54: 30806993, 820: 68612421, 710: 41626450, 455: 47706598, 55: 66680085, 310: 22857450, 965: 42852845, 565: 11960366, 200: 43188125, 821: 100914749, 964: 24807096, 56: 57588294, 566: 63411011, 311: 59105739, 199: 29188478, 709: 19831677, 454: 19895538, 198: 42697434, 312: 62482793, 822: 32235702, 567: 34471008, 57: 9551202, 453: 49752370, 963: 14105160, 708: 31585261, 568: 49255380, 58: 51804659, 197: 64275018, 962: 39858065, 313: 19806009, 707: 23806358, 452: 41101129, 823: 41235022, 59: 49214944, 569: 10045532, 196: 43181353, 451: 44612320, 961: 56705695, 706: 62738108, 314: 57904258, 824: 6200218, 315: 80316978, 60: 20856150, 195: 63567907, 960: 58777699, 450: 35295422, 705: 58703414, 570: 11732310, 825: 20037145, 316: 47832966, 61: 21034637, 449: 25095246, 959: 10378299, 826: 21459899, 194: 42250976, 704: 44573231, 571: 19785258, 827: 73560544, 62: 34799548, 317: 30807514, 193: 15529474, 448: 44928170, 572: 31707331, 958: 35563275, 703: 17081816, 318: 49367766, 702: 46609651, 447: 28760073, 957: 27399601, 828: 47111168, 573: 39743620, 63: 54026467, 192: 43348072, 64: 60852542, 574: 71404967, 829: 59223032, 446: 63674931, 319: 43603221, 191: 38048922, 956: 59852662, 701: 6825559, 190: 25345632, 575: 38780068, 320: 28023528, 700: 38602034, 65: 6652179, 955: 31980312, 830: 11675743, 445: 37279200, 699: 31668869, 444: 46593395, 189: 37821203, 954: 18936613, 576: 55873944, 66: 35546137, 831: 33781519, 321: 48728655, 443: 70222375, 322: 49639597, 67: 10419034, 698: 22590543, 953: 47561395, 188: 2066325, 577: 41937265, 832: 27242197, 833: 58709715, 578: 59599945, 952: 53780973, 697: 40955918, 68: 43444754, 187: 43101568, 442: 29069052, 323: 38988038, 69: 50403825, 696: 69940266, 441: 38624847, 951: 44149550, 579: 38964345, 186: 31244364, 324: 52528021, 834: 36406765, 440: 35421705, 835: 71232526, 325: 68922986, 580: 22088554, 695: 20409070, 70: 18795087, 185: 36316477, 950: 13162743, 836: 36442120, 949: 33871479, 71: 14447100, 326: 64883343, 694: 42400324, 581: 13112031, 439: 51660555, 184: 23403924, 183: 18519399, 837: 84395504, 693: 43583154, 438: 20099343, 582: 55523050, 72: 19752057, 948: 11675023, 327: 41136121, 328: 49030140, 947: 39986798, 73: 46289557, 437: 53254191, 838: 7690075, 182: 37996540, 583: 3469208, 692: 38808202, 74: 26524816, 436: 40902974, 946: 68009910, 691: 45928177, 584: 31609671, 329: 30293723, 181: 35748837, 839: 33792177, 330: 98825560, 75: 56148240, 585: 15157395, 180: 63040036, 435: 14529940, 945: 35077550, 690: 55364207, 840: 27487713, 76: 87472375, 434: 28626701, 841: 37428520, 331: 42830557, 586: 16831667, 689: 17505942, 944: 61537303, 179: 26609717, 77: 23408010, 433: 33778187, 587: 42923916, 943: 33316408, 178: 4613870, 332: 33435805, 842: 7060188, 688: 29461801, 177: 29901242, 687: 55527616, 942: 50014457, 432: 55153536, 588: 28927520, 78: 23788250, 843: 13721624, 333: 52115681, 176: 26539203, 844: 34036203, 431: 54523371, 79: 8367869, 686: 63360856, 589: 41807828, 941: 28735017, 334: 58585483, 940: 66399168, 80: 64496513, 430: 51200417, 845: 48245509, 590: 55799654, 175: 55442418, 685: 41519822, 335: 28440415, 939: 7437361, 591: 27918314, 684: 37564724, 336: 51494234, 174: 38841616, 429: 46919442, 81: 55983827, 846: 34628578, 592: 33472240, 173: 52320845, 847: 61699253, 938: 33614156, 683: 27917872, 337: 54404611, 82: 60280003, 428: 41854012, 593: 101939465, 427: 54088410, 338: 67392707, 848: 46631764, 682: 48254722, 83: 40620380, 937: 27707025, 172: 47766564, 594: 36805529, 171: 28765511, 936: 36295971, 681: 26479813, 849: 8712010, 84: 46735679, 426: 6807094, 339: 10473632, 595: 41842791, 85: 42269810, 935: 36904521, 425: 20924540, 170: 61101787, 340: 20724237, 850: 39236439, 680: 40679129, 169: 29186236, 86: 62075693, 424: 25725762, 341: 49630751, 934: 62917773, 851: 43427512, 679: 23072085, 596: 45517134, 423: 39630584, 168: 49377198, 933: 38868664, 597: 72728242, 342: 30634579, 852: 52701386, 87: 46287288, 678: 9827465, 88: 56199048, 598: 13720736, 167: 62770537, 932: 26360684, 677: 27500677, 853: 27334192, 343: 37006040, 422: 28874475, 421: 44190982, 931: 49186738, 89: 22571422, 676: 58115304, 166: 57983418, 599: 55002771, 344: 35841421, 854: 47919697, 420: 30792218, 345: 72297821, 165: 31541166, 90: 60142428, 855: 34060874, 675: 54349862, 930: 39077942, 600: 20254400, 91: 26554391, 346: 26319611, 929: 54022421, 674: 51108456, 419: 41750792, 856: 29955629, 601: 12426647, 164: 17775128, 673: 11122794, 418: 28907813, 163: 55678859, 92: 51730768, 602: 44234328, 347: 36481532, 928: 57481143, 857: 5766850, 93: 31631345, 672: 32946095, 417: 37573166, 603: 16341701, 162: 27162075, 858: 25330400, 348: 37880588, 927: 2861810, 671: 88433923, 859: 57324613, 349: 49297223, 926: 14479601, 161: 63307391, 94: 54387401, 416: 43703858, 604: 20128358, 925: 5997320, 160: 60652366, 605: 41059851, 350: 35734377, 415: 68035756, 670: 16328563, 860: 12551829, 95: 36386103, 159: 72961607, 669: 39592627, 924: 50554371, 606: 44743615, 861: 49562551, 96: 62324365, 414: 53415860, 351: 36946084, 413: 57163896, 607: 46411293, 668: 47940279, 352: 8092115, 862: 52651627, 158: 27602173, 923: 2652192, 97: 40477615, 157: 39064853, 608: 7398101, 667: 21638735, 922: 46369909, 863: 54117326, 353: 37197729, 412: 45686041, 98: 18435269, 99: 10763717, 609: 39355965, 354: 7035392, 921: 50661216, 666: 14750468, 864: 17479299, 411: 33021172, 156: 45738509, 610: 79095662, 410: 65727370, 865: 59820665, 100: 57077479, 920: 37282278, 665: 48745480, 155: 53612495, 355: 49918375, 154: 62290235, 866: 14426799, 101: 42520613, 611: 33442251, 664: 34487143, 356: 8580742, 409: 49967127, 919: 53452474, 408: 32114862, 153: 36338305, 102: 59482619, 663: 31086042, 357: 22570063, 612: 21756133, 918: 21277780, 867: 28223908, 152: 70370798, 407: 60399267, 917: 57881873, 868: 33373815, 613: 62222698, 103: 28389908, 358: 22423171, 662: 25838035, 869: 27749164, 406: 45496468, 661: 69708656, 614: 59625723, 916: 40251892, 359: 44646520, 104: 30280599, 151: 64454610, 150: 38083867, 660: 68356752, 915: 28193926, 870: 60146732, 405: 18878526, 105: 9915960, 615: 56083533, 360: 42812468, 616: 82584178, 914: 49703309, 149: 53237471, 404: 38145692, 659: 53846018, 361: 33218756, 871: 11514200, 106: 27860630, 658: 51212343, 403: 30536097, 107: 17433403, 362: 34073489, 617: 35809902, 872: 748644, 913: 12118428, 148: 13382567, 108: 66633564, 618: 43929183, 912: 28342341, 873: 34242889, 402: 10541851, 363: 43303064, 147: 34476658, 657: 40690234, 656: 81182592, 401: 397251, 911: 17444853, 364: 47303305, 874: 36860112, 619: 26592679, 109: 5473976, 146: 1027121, 875: 63022529, 145: 50469044, 400: 14984445, 365: 30432394, 110: 46305627, 655: 62809442, 620: 31792019, 910: 11526738, 621: 45266053, 876: 44668108, 654: 32031380, 366: 48230476, 144: 26059177, 909: 8180413, 399: 62134403, 111: 15954193, 143: 37781521, 622: 32211040, 367: 49444442, 653: 1123090, 877: 7410209, 112: 42975793, 908: 48421665, 398: 50527339, 907: 73561613, 113: 63057598, 142: 70890152, 397: 58105639, 652: 23624268, 623: 20926385, 878: 51646209, 368: 22396330, 396: 69953797, 369: 19164709, 114: 28132150, 879: 25886419, 141: 53908453, 906: 8408033, 651: 47471324, 624: 30198488, 880: 67351807, 115: 66038664, 650: 54755389, 905: 59075256, 625: 75944828, 395: 32651422, 140: 57316249, 370: 55581290, 116: 56983687, 881: 4273546, 371: 6381229, 649: 31913243, 904: 38349997, 394: 57954218, 139: 20261461, 626: 16046282, 627: 47353127, 372: 36474642, 117: 64526636, 648: 52192038, 882: 26946994, 138: 30851728, 903: 38936177, 393: 12862745, 647: 30496219, 373: 47148763, 118: 48588940, 392: 43941878, 883: 22186533, 628: 15840107, 902: 23540810, 137: 44188241, 374: 99987183, 136: 36171708, 884: 68290801, 901: 23870013, 646: 11655435, 629: 41949129, 391: 38457225, 119: 54406847, 630: 39378711, 390: 39977745, 900: 51606785, 375: 55885150, 120: 46588227, 135: 54469172, 645: 29078690, 885: 15697026, 631: 80163832, 376: 23798079, 121: 38020234, 899: 12729463, 134: 52188440, 389: 6223962, 644: 52175354, 886: 35345404, 133: 77159904, 643: 74072981, 632: 68411658, 898: 10151378, 887: 18516669, 388: 63300069, 122: 49292920, 377: 14459629, 633: 91734977, 888: 62034975, 897: 58540563, 387: 61365154, 378: 13424972, 123: 46320985, 132: 9211638, 642: 22772705, 124: 52405194, 896: 24717430, 379: 32918279, 634: 8387481, 131: 63721630, 641: 59424970, 386: 32977632, 889: 2813679, 890: 56662244, 125: 75719971, 385: 42993345, 130: 69615679, 640: 34056857, 635: 49270683, 380: 16705149, 891: 51261001, 636: 46011166, 384: 76060262, 126: 8125669, 381: 23499495, 129: 37123317, 637: 25111609, 892: 38829132, 127: 56228266, 128: 43532873, 382: 56629476, 893: 44604794, 638: 28704451, 383: 22922272, 639: 36338117, 894: 44903527, 895: 36247360, 
Outstanding Coins: 3754
Operator Rewards: 1203000000

STD Comparison
---------------------------------
Error (F1): mean = 0.02%, sd = 0.04%
]]></system-out>
  <system-err><![CDATA[]]></system-err>
</testsuite>
